<?xml version="1.0" encoding="UTF-8"?>
<testng-results ignored="0" total="1" passed="1" failed="0" skipped="0">
  <reporter-output>
  </reporter-output>
  <suite started-at="2024-03-06T17:37:33Z" name="Default suite" finished-at="2024-03-06T17:38:13Z" duration-ms="40366">
    <groups>
    </groups>
    <test started-at="2024-03-06T17:37:33Z" name="Default test" finished-at="2024-03-06T17:38:13Z" duration-ms="40366">
      <class name="com.xyz.qa.testcases.WithdrawPageTest">
        <test-method is-config="true" signature="setUp()[pri:0, instance:com.xyz.qa.testcases.WithdrawPageTest@4a003cbe]" started-at="2024-03-06T23:07:33Z" name="setUp" finished-at="2024-03-06T23:08:10Z" duration-ms="36899" status="PASS">
          <reporter-output>
          </reporter-output>
        </test-method> <!-- setUp -->
        <test-method signature="withdrawAmount()[pri:4, instance:com.xyz.qa.testcases.WithdrawPageTest@4a003cbe]" started-at="2024-03-06T23:08:10Z" name="withdrawAmount" finished-at="2024-03-06T23:08:13Z" duration-ms="3410" status="PASS">
          <reporter-output>
          </reporter-output>
        </test-method> <!-- withdrawAmount -->
      </class> <!-- com.xyz.qa.testcases.WithdrawPageTest -->
    </test> <!-- Default test -->
  </suite> <!-- Default suite -->
</testng-results>
